[2018-06-22 14:35:23,671] INFO KafkaConfig values: 
	advertised.host.name = null
	advertised.listeners = null
	advertised.port = null
	authorizer.class.name = 
	auto.create.topics.enable = true
	auto.leader.rebalance.enable = true
	background.threads = 10
	broker.id = 0
	broker.id.generation.enable = true
	broker.rack = null
	compression.type = producer
	connections.max.idle.ms = 600000
	controlled.shutdown.enable = true
	controlled.shutdown.max.retries = 3
	controlled.shutdown.retry.backoff.ms = 5000
	controller.socket.timeout.ms = 30000
	create.topic.policy.class.name = null
	default.replication.factor = 1
	delete.topic.enable = false
	fetch.purgatory.purge.interval.requests = 1000
	group.max.session.timeout.ms = 300000
	group.min.session.timeout.ms = 6000
	host.name = 
	inter.broker.listener.name = null
	inter.broker.protocol.version = 0.10.2-IV0
	leader.imbalance.check.interval.seconds = 300
	leader.imbalance.per.broker.percentage = 10
	listener.security.protocol.map = SSL:SSL,SASL_PLAINTEXT:SASL_PLAINTEXT,TRACE:TRACE,SASL_SSL:SASL_SSL,PLAINTEXT:PLAINTEXT
	listeners = null
	log.cleaner.backoff.ms = 15000
	log.cleaner.dedupe.buffer.size = 134217728
	log.cleaner.delete.retention.ms = 86400000
	log.cleaner.enable = false
	log.cleaner.io.buffer.load.factor = 0.9
	log.cleaner.io.buffer.size = 524288
	log.cleaner.io.max.bytes.per.second = 1.7976931348623157E308
	log.cleaner.min.cleanable.ratio = 0.5
	log.cleaner.min.compaction.lag.ms = 0
	log.cleaner.threads = 1
	log.cleanup.policy = [delete]
	log.dir = /tmp/kafka-logs
	log.dirs = /tmp/kafka-logs/kafka1
	log.flush.interval.messages = 9223372036854775807
	log.flush.interval.ms = null
	log.flush.offset.checkpoint.interval.ms = 60000
	log.flush.scheduler.interval.ms = 9223372036854775807
	log.index.interval.bytes = 4096
	log.index.size.max.bytes = 10485760
	log.message.format.version = 0.10.2-IV0
	log.message.timestamp.difference.max.ms = 9223372036854775807
	log.message.timestamp.type = CreateTime
	log.preallocate = false
	log.retention.bytes = -1
	log.retention.check.interval.ms = 300000
	log.retention.hours = 168
	log.retention.minutes = null
	log.retention.ms = null
	log.roll.hours = 168
	log.roll.jitter.hours = 0
	log.roll.jitter.ms = null
	log.roll.ms = null
	log.segment.bytes = 1073741824
	log.segment.delete.delay.ms = 60000
	max.connections.per.ip = 2147483647
	max.connections.per.ip.overrides = 
	message.max.bytes = 1000012
	metric.reporters = []
	metrics.num.samples = 2
	metrics.recording.level = INFO
	metrics.sample.window.ms = 30000
	min.insync.replicas = 1
	num.io.threads = 8
	num.network.threads = 3
	num.partitions = 1
	num.recovery.threads.per.data.dir = 1
	num.replica.fetchers = 1
	offset.metadata.max.bytes = 4096
	offsets.commit.required.acks = -1
	offsets.commit.timeout.ms = 5000
	offsets.load.buffer.size = 5242880
	offsets.retention.check.interval.ms = 600000
	offsets.retention.minutes = 1440
	offsets.topic.compression.codec = 0
	offsets.topic.num.partitions = 50
	offsets.topic.replication.factor = 3
	offsets.topic.segment.bytes = 104857600
	port = 9092
	principal.builder.class = class org.apache.kafka.common.security.auth.DefaultPrincipalBuilder
	producer.purgatory.purge.interval.requests = 1000
	queued.max.requests = 500
	quota.consumer.default = 9223372036854775807
	quota.producer.default = 9223372036854775807
	quota.window.num = 11
	quota.window.size.seconds = 1
	replica.fetch.backoff.ms = 1000
	replica.fetch.max.bytes = 1048576
	replica.fetch.min.bytes = 1
	replica.fetch.response.max.bytes = 10485760
	replica.fetch.wait.max.ms = 500
	replica.high.watermark.checkpoint.interval.ms = 5000
	replica.lag.time.max.ms = 10000
	replica.socket.receive.buffer.bytes = 65536
	replica.socket.timeout.ms = 30000
	replication.quota.window.num = 11
	replication.quota.window.size.seconds = 1
	request.timeout.ms = 30000
	reserved.broker.max.id = 1000
	sasl.enabled.mechanisms = [GSSAPI]
	sasl.kerberos.kinit.cmd = /usr/bin/kinit
	sasl.kerberos.min.time.before.relogin = 60000
	sasl.kerberos.principal.to.local.rules = [DEFAULT]
	sasl.kerberos.service.name = null
	sasl.kerberos.ticket.renew.jitter = 0.05
	sasl.kerberos.ticket.renew.window.factor = 0.8
	sasl.mechanism.inter.broker.protocol = GSSAPI
	security.inter.broker.protocol = PLAINTEXT
	socket.receive.buffer.bytes = 102400
	socket.request.max.bytes = 104857600
	socket.send.buffer.bytes = 102400
	ssl.cipher.suites = null
	ssl.client.auth = none
	ssl.enabled.protocols = [TLSv1.2, TLSv1.1, TLSv1]
	ssl.endpoint.identification.algorithm = null
	ssl.key.password = null
	ssl.keymanager.algorithm = SunX509
	ssl.keystore.location = null
	ssl.keystore.password = null
	ssl.keystore.type = JKS
	ssl.protocol = TLS
	ssl.provider = null
	ssl.secure.random.implementation = null
	ssl.trustmanager.algorithm = PKIX
	ssl.truststore.location = null
	ssl.truststore.password = null
	ssl.truststore.type = JKS
	unclean.leader.election.enable = true
	zookeeper.connect = localhost:2181
	zookeeper.connection.timeout.ms = 6000
	zookeeper.session.timeout.ms = 6000
	zookeeper.set.acl = false
	zookeeper.sync.time.ms = 2000
 (kafka.server.KafkaConfig)
[2018-06-22 14:35:23,721] INFO starting (kafka.server.KafkaServer)
[2018-06-22 14:35:23,723] INFO Connecting to zookeeper on localhost:2181 (kafka.server.KafkaServer)
[2018-06-22 14:35:23,739] INFO Starting ZkClient event thread. (org.I0Itec.zkclient.ZkEventThread)
[2018-06-22 14:35:23,745] INFO Client environment:zookeeper.version=3.4.9-1757313, built on 08/23/2016 06:50 GMT (org.apache.zookeeper.ZooKeeper)
[2018-06-22 14:35:23,746] INFO Client environment:host.name=BCP5ZM2.TELETRACKING.COM (org.apache.zookeeper.ZooKeeper)
[2018-06-22 14:35:23,746] INFO Client environment:java.version=1.8.0_171 (org.apache.zookeeper.ZooKeeper)
[2018-06-22 14:35:23,746] INFO Client environment:java.vendor=Oracle Corporation (org.apache.zookeeper.ZooKeeper)
[2018-06-22 14:35:23,746] INFO Client environment:java.home=/usr/lib/jvm/java-8-openjdk-amd64/jre (org.apache.zookeeper.ZooKeeper)
[2018-06-22 14:35:23,746] INFO Client environment:java.class.path=:/mnt/c/Users/Nikhilesh-singh/Documents/uReplicator/deploy/kafka/bin/../libs/aopalliance-repackaged-2.5.0-b05.jar:/mnt/c/Users/Nikhilesh-singh/Documents/uReplicator/deploy/kafka/bin/../libs/argparse4j-0.7.0.jar:/mnt/c/Users/Nikhilesh-singh/Documents/uReplicator/deploy/kafka/bin/../libs/connect-api-0.10.2.1.jar:/mnt/c/Users/Nikhilesh-singh/Documents/uReplicator/deploy/kafka/bin/../libs/connect-file-0.10.2.1.jar:/mnt/c/Users/Nikhilesh-singh/Documents/uReplicator/deploy/kafka/bin/../libs/connect-json-0.10.2.1.jar:/mnt/c/Users/Nikhilesh-singh/Documents/uReplicator/deploy/kafka/bin/../libs/connect-runtime-0.10.2.1.jar:/mnt/c/Users/Nikhilesh-singh/Documents/uReplicator/deploy/kafka/bin/../libs/connect-transforms-0.10.2.1.jar:/mnt/c/Users/Nikhilesh-singh/Documents/uReplicator/deploy/kafka/bin/../libs/guava-18.0.jar:/mnt/c/Users/Nikhilesh-singh/Documents/uReplicator/deploy/kafka/bin/../libs/hk2-api-2.5.0-b05.jar:/mnt/c/Users/Nikhilesh-singh/Documents/uReplicator/deploy/kafka/bin/../libs/hk2-locator-2.5.0-b05.jar:/mnt/c/Users/Nikhilesh-singh/Documents/uReplicator/deploy/kafka/bin/../libs/hk2-utils-2.5.0-b05.jar:/mnt/c/Users/Nikhilesh-singh/Documents/uReplicator/deploy/kafka/bin/../libs/jackson-annotations-2.8.0.jar:/mnt/c/Users/Nikhilesh-singh/Documents/uReplicator/deploy/kafka/bin/../libs/jackson-annotations-2.8.5.jar:/mnt/c/Users/Nikhilesh-singh/Documents/uReplicator/deploy/kafka/bin/../libs/jackson-core-2.8.5.jar:/mnt/c/Users/Nikhilesh-singh/Documents/uReplicator/deploy/kafka/bin/../libs/jackson-databind-2.8.5.jar:/mnt/c/Users/Nikhilesh-singh/Documents/uReplicator/deploy/kafka/bin/../libs/jackson-jaxrs-base-2.8.5.jar:/mnt/c/Users/Nikhilesh-singh/Documents/uReplicator/deploy/kafka/bin/../libs/jackson-jaxrs-json-provider-2.8.5.jar:/mnt/c/Users/Nikhilesh-singh/Documents/uReplicator/deploy/kafka/bin/../libs/jackson-module-jaxb-annotations-2.8.5.jar:/mnt/c/Users/Nikhilesh-singh/Documents/uReplicator/deploy/kafka/bin/../libs/javassist-3.20.0-GA.jar:/mnt/c/Users/Nikhilesh-singh/Documents/uReplicator/deploy/kafka/bin/../libs/javax.annotation-api-1.2.jar:/mnt/c/Users/Nikhilesh-singh/Documents/uReplicator/deploy/kafka/bin/../libs/javax.inject-1.jar:/mnt/c/Users/Nikhilesh-singh/Documents/uReplicator/deploy/kafka/bin/../libs/javax.inject-2.5.0-b05.jar:/mnt/c/Users/Nikhilesh-singh/Documents/uReplicator/deploy/kafka/bin/../libs/javax.servlet-api-3.1.0.jar:/mnt/c/Users/Nikhilesh-singh/Documents/uReplicator/deploy/kafka/bin/../libs/javax.ws.rs-api-2.0.1.jar:/mnt/c/Users/Nikhilesh-singh/Documents/uReplicator/deploy/kafka/bin/../libs/jersey-client-2.24.jar:/mnt/c/Users/Nikhilesh-singh/Documents/uReplicator/deploy/kafka/bin/../libs/jersey-common-2.24.jar:/mnt/c/Users/Nikhilesh-singh/Documents/uReplicator/deploy/kafka/bin/../libs/jersey-container-servlet-2.24.jar:/mnt/c/Users/Nikhilesh-singh/Documents/uReplicator/deploy/kafka/bin/../libs/jersey-container-servlet-core-2.24.jar:/mnt/c/Users/Nikhilesh-singh/Documents/uReplicator/deploy/kafka/bin/../libs/jersey-guava-2.24.jar:/mnt/c/Users/Nikhilesh-singh/Documents/uReplicator/deploy/kafka/bin/../libs/jersey-media-jaxb-2.24.jar:/mnt/c/Users/Nikhilesh-singh/Documents/uReplicator/deploy/kafka/bin/../libs/jersey-server-2.24.jar:/mnt/c/Users/Nikhilesh-singh/Documents/uReplicator/deploy/kafka/bin/../libs/jetty-continuation-9.2.15.v20160210.jar:/mnt/c/Users/Nikhilesh-singh/Documents/uReplicator/deploy/kafka/bin/../libs/jetty-http-9.2.15.v20160210.jar:/mnt/c/Users/Nikhilesh-singh/Documents/uReplicator/deploy/kafka/bin/../libs/jetty-io-9.2.15.v20160210.jar:/mnt/c/Users/Nikhilesh-singh/Documents/uReplicator/deploy/kafka/bin/../libs/jetty-security-9.2.15.v20160210.jar:/mnt/c/Users/Nikhilesh-singh/Documents/uReplicator/deploy/kafka/bin/../libs/jetty-server-9.2.15.v20160210.jar:/mnt/c/Users/Nikhilesh-singh/Documents/uReplicator/deploy/kafka/bin/../libs/jetty-servlet-9.2.15.v20160210.jar:/mnt/c/Users/Nikhilesh-singh/Documents/uReplicator/deploy/kafka/bin/../libs/jetty-servlets-9.2.15.v20160210.jar:/mnt/c/Users/Nikhilesh-singh/Documents/uReplicator/deploy/kafka/bin/../libs/jetty-util-9.2.15.v20160210.jar:/mnt/c/Users/Nikhilesh-singh/Documents/uReplicator/deploy/kafka/bin/../libs/jopt-simple-5.0.3.jar:/mnt/c/Users/Nikhilesh-singh/Documents/uReplicator/deploy/kafka/bin/../libs/kafka_2.11-0.10.2.1.jar:/mnt/c/Users/Nikhilesh-singh/Documents/uReplicator/deploy/kafka/bin/../libs/kafka_2.11-0.10.2.1-sources.jar:/mnt/c/Users/Nikhilesh-singh/Documents/uReplicator/deploy/kafka/bin/../libs/kafka_2.11-0.10.2.1-test-sources.jar:/mnt/c/Users/Nikhilesh-singh/Documents/uReplicator/deploy/kafka/bin/../libs/kafka-clients-0.10.2.1.jar:/mnt/c/Users/Nikhilesh-singh/Documents/uReplicator/deploy/kafka/bin/../libs/kafka-log4j-appender-0.10.2.1.jar:/mnt/c/Users/Nikhilesh-singh/Documents/uReplicator/deploy/kafka/bin/../libs/kafka-streams-0.10.2.1.jar:/mnt/c/Users/Nikhilesh-singh/Documents/uReplicator/deploy/kafka/bin/../libs/kafka-streams-examples-0.10.2.1.jar:/mnt/c/Users/Nikhilesh-singh/Documents/uReplicator/deploy/kafka/bin/../libs/kafka-tools-0.10.2.1.jar:/mnt/c/Users/Nikhilesh-singh/Documents/uReplicator/deploy/kafka/bin/../libs/log4j-1.2.17.jar:/mnt/c/Users/Nikhilesh-singh/Documents/uReplicator/deploy/kafka/bin/../libs/lz4-1.3.0.jar:/mnt/c/Users/Nikhilesh-singh/Documents/uReplicator/deploy/kafka/bin/../libs/metrics-core-2.2.0.jar:/mnt/c/Users/Nikhilesh-singh/Documents/uReplicator/deploy/kafka/bin/../libs/osgi-resource-locator-1.0.1.jar:/mnt/c/Users/Nikhilesh-singh/Documents/uReplicator/deploy/kafka/bin/../libs/reflections-0.9.10.jar:/mnt/c/Users/Nikhilesh-singh/Documents/uReplicator/deploy/kafka/bin/../libs/rocksdbjni-5.0.1.jar:/mnt/c/Users/Nikhilesh-singh/Documents/uReplicator/deploy/kafka/bin/../libs/scala-library-2.11.8.jar:/mnt/c/Users/Nikhilesh-singh/Documents/uReplicator/deploy/kafka/bin/../libs/scala-parser-combinators_2.11-1.0.4.jar:/mnt/c/Users/Nikhilesh-singh/Documents/uReplicator/deploy/kafka/bin/../libs/slf4j-api-1.7.21.jar:/mnt/c/Users/Nikhilesh-singh/Documents/uReplicator/deploy/kafka/bin/../libs/slf4j-log4j12-1.7.21.jar:/mnt/c/Users/Nikhilesh-singh/Documents/uReplicator/deploy/kafka/bin/../libs/snappy-java-1.1.2.6.jar:/mnt/c/Users/Nikhilesh-singh/Documents/uReplicator/deploy/kafka/bin/../libs/validation-api-1.1.0.Final.jar:/mnt/c/Users/Nikhilesh-singh/Documents/uReplicator/deploy/kafka/bin/../libs/zkclient-0.10.jar:/mnt/c/Users/Nikhilesh-singh/Documents/uReplicator/deploy/kafka/bin/../libs/zookeeper-3.4.9.jar (org.apache.zookeeper.ZooKeeper)
[2018-06-22 14:35:23,746] INFO Client environment:java.library.path=/usr/java/packages/lib/amd64:/usr/lib/x86_64-linux-gnu/jni:/lib/x86_64-linux-gnu:/usr/lib/x86_64-linux-gnu:/usr/lib/jni:/lib:/usr/lib (org.apache.zookeeper.ZooKeeper)
[2018-06-22 14:35:23,746] INFO Client environment:java.io.tmpdir=/tmp (org.apache.zookeeper.ZooKeeper)
[2018-06-22 14:35:23,746] INFO Client environment:java.compiler=<NA> (org.apache.zookeeper.ZooKeeper)
[2018-06-22 14:35:23,746] INFO Client environment:os.name=Linux (org.apache.zookeeper.ZooKeeper)
[2018-06-22 14:35:23,747] INFO Client environment:os.arch=amd64 (org.apache.zookeeper.ZooKeeper)
[2018-06-22 14:35:23,747] INFO Client environment:os.version=4.4.0-43-Microsoft (org.apache.zookeeper.ZooKeeper)
[2018-06-22 14:35:23,747] INFO Client environment:user.name=nikhilesh2 (org.apache.zookeeper.ZooKeeper)
[2018-06-22 14:35:23,747] INFO Client environment:user.home=/home/nikhilesh2 (org.apache.zookeeper.ZooKeeper)
[2018-06-22 14:35:23,747] INFO Client environment:user.dir=/mnt/c/Users/Nikhilesh-singh/Documents/uReplicator/deploy/kafka (org.apache.zookeeper.ZooKeeper)
[2018-06-22 14:35:23,747] INFO Initiating client connection, connectString=localhost:2181 sessionTimeout=6000 watcher=org.I0Itec.zkclient.ZkClient@61862a7f (org.apache.zookeeper.ZooKeeper)
[2018-06-22 14:35:23,761] INFO Waiting for keeper state SyncConnected (org.I0Itec.zkclient.ZkClient)
[2018-06-22 14:35:23,765] INFO Opening socket connection to server localhost/127.0.0.1:2181. Will not attempt to authenticate using SASL (unknown error) (org.apache.zookeeper.ClientCnxn)
[2018-06-22 14:35:23,772] INFO Socket connection established to localhost/127.0.0.1:2181, initiating session (org.apache.zookeeper.ClientCnxn)
[2018-06-22 14:35:23,802] INFO Session establishment complete on server localhost/127.0.0.1:2181, sessionid = 0x16427ebca620000, negotiated timeout = 6000 (org.apache.zookeeper.ClientCnxn)
[2018-06-22 14:35:23,803] INFO zookeeper state changed (SyncConnected) (org.I0Itec.zkclient.ZkClient)
[2018-06-22 14:35:23,933] INFO Cluster ID = xOFLThVoSASj_HJDWX_qZA (kafka.server.KafkaServer)
[2018-06-22 14:35:23,936] WARN No meta.properties file under dir /tmp/kafka-logs/kafka1/meta.properties (kafka.server.BrokerMetadataCheckpoint)
[2018-06-22 14:35:23,967] INFO [ThrottledRequestReaper-Fetch], Starting  (kafka.server.ClientQuotaManager$ThrottledRequestReaper)
[2018-06-22 14:35:23,968] INFO [ThrottledRequestReaper-Produce], Starting  (kafka.server.ClientQuotaManager$ThrottledRequestReaper)
[2018-06-22 14:35:23,993] INFO Log directory '/tmp/kafka-logs/kafka1' not found, creating it. (kafka.log.LogManager)
[2018-06-22 14:35:24,000] INFO Loading logs. (kafka.log.LogManager)
[2018-06-22 14:35:24,006] INFO Logs loading complete in 6 ms. (kafka.log.LogManager)
[2018-06-22 14:35:24,006] INFO Starting log cleanup with a period of 300000 ms. (kafka.log.LogManager)
[2018-06-22 14:35:24,008] INFO Starting log flusher with a default period of 9223372036854775807 ms. (kafka.log.LogManager)
[2018-06-22 14:35:24,040] INFO Awaiting socket connections on 0.0.0.0:9092. (kafka.network.Acceptor)
[2018-06-22 14:35:24,044] INFO [Socket Server on Broker 0], Started 1 acceptor threads (kafka.network.SocketServer)
[2018-06-22 14:35:24,061] INFO [ExpirationReaper-0], Starting  (kafka.server.DelayedOperationPurgatory$ExpiredOperationReaper)
[2018-06-22 14:35:24,062] INFO [ExpirationReaper-0], Starting  (kafka.server.DelayedOperationPurgatory$ExpiredOperationReaper)
[2018-06-22 14:35:24,096] INFO Creating /controller (is it secure? false) (kafka.utils.ZKCheckedEphemeral)
[2018-06-22 14:35:24,103] INFO Result of znode creation is: OK (kafka.utils.ZKCheckedEphemeral)
[2018-06-22 14:35:24,104] INFO 0 successfully elected as leader (kafka.server.ZookeeperLeaderElector)
[2018-06-22 14:35:24,181] INFO [ExpirationReaper-0], Starting  (kafka.server.DelayedOperationPurgatory$ExpiredOperationReaper)
[2018-06-22 14:35:24,184] INFO [ExpirationReaper-0], Starting  (kafka.server.DelayedOperationPurgatory$ExpiredOperationReaper)
[2018-06-22 14:35:24,186] INFO [ExpirationReaper-0], Starting  (kafka.server.DelayedOperationPurgatory$ExpiredOperationReaper)
[2018-06-22 14:35:24,196] INFO [GroupCoordinator 0]: Starting up. (kafka.coordinator.GroupCoordinator)
[2018-06-22 14:35:24,197] INFO [GroupCoordinator 0]: Startup complete. (kafka.coordinator.GroupCoordinator)
[2018-06-22 14:35:24,201] INFO [Group Metadata Manager on Broker 0]: Removed 0 expired offsets in 2 milliseconds. (kafka.coordinator.GroupMetadataManager)
[2018-06-22 14:35:24,217] INFO Will not load MX4J, mx4j-tools.jar is not in the classpath (kafka.utils.Mx4jLoader$)
[2018-06-22 14:35:24,244] INFO Creating /brokers/ids/0 (is it secure? false) (kafka.utils.ZKCheckedEphemeral)
[2018-06-22 14:35:24,253] INFO New leader is 0 (kafka.server.ZookeeperLeaderElector$LeaderChangeListener)
[2018-06-22 14:35:24,261] INFO Result of znode creation is: OK (kafka.utils.ZKCheckedEphemeral)
[2018-06-22 14:35:24,262] INFO Registered broker 0 at path /brokers/ids/0 with addresses: EndPoint(BCP5ZM2.TELETRACKING.COM,9092,ListenerName(PLAINTEXT),PLAINTEXT) (kafka.utils.ZkUtils)
[2018-06-22 14:35:24,264] WARN No meta.properties file under dir /tmp/kafka-logs/kafka1/meta.properties (kafka.server.BrokerMetadataCheckpoint)
[2018-06-22 14:35:24,292] INFO Kafka version : 0.10.2.1 (org.apache.kafka.common.utils.AppInfoParser)
[2018-06-22 14:35:24,292] INFO Kafka commitId : e89bffd6b2eff799 (org.apache.kafka.common.utils.AppInfoParser)
[2018-06-22 14:35:24,293] INFO [Kafka Server 0], started (kafka.server.KafkaServer)
[2018-06-22 14:37:20,075] INFO [Kafka Server 0], shutting down (kafka.server.KafkaServer)
[2018-06-22 14:37:20,076] INFO [Kafka Server 0], Starting controlled shutdown (kafka.server.KafkaServer)
[2018-06-22 14:37:20,102] INFO [Kafka Server 0], Controlled shutdown succeeded (kafka.server.KafkaServer)
[2018-06-22 14:37:20,104] INFO [Socket Server on Broker 0], Shutting down (kafka.network.SocketServer)
[2018-06-22 14:37:20,112] INFO [Socket Server on Broker 0], Shutdown completed (kafka.network.SocketServer)
[2018-06-22 14:37:20,113] INFO [Kafka Request Handler on Broker 0], shutting down (kafka.server.KafkaRequestHandlerPool)
[2018-06-22 14:37:20,115] INFO [Kafka Request Handler on Broker 0], shut down completely (kafka.server.KafkaRequestHandlerPool)
[2018-06-22 14:37:20,117] INFO [ThrottledRequestReaper-Fetch], Shutting down (kafka.server.ClientQuotaManager$ThrottledRequestReaper)
[2018-06-22 14:37:20,131] INFO Unable to read additional data from server sessionid 0x16427ebca620000, likely server has closed socket, closing socket connection and attempting reconnect (org.apache.zookeeper.ClientCnxn)
[2018-06-22 14:37:20,232] INFO zookeeper state changed (Disconnected) (org.I0Itec.zkclient.ZkClient)
[2018-06-22 14:37:21,050] INFO [ThrottledRequestReaper-Fetch], Stopped  (kafka.server.ClientQuotaManager$ThrottledRequestReaper)
[2018-06-22 14:37:21,051] INFO [ThrottledRequestReaper-Fetch], Shutdown completed (kafka.server.ClientQuotaManager$ThrottledRequestReaper)
[2018-06-22 14:37:21,051] INFO [ThrottledRequestReaper-Produce], Shutting down (kafka.server.ClientQuotaManager$ThrottledRequestReaper)
[2018-06-22 14:37:21,535] INFO Opening socket connection to server localhost/127.0.0.1:2181. Will not attempt to authenticate using SASL (unknown error) (org.apache.zookeeper.ClientCnxn)
[2018-06-22 14:37:21,537] INFO Socket connection established to localhost/127.0.0.1:2181, initiating session (org.apache.zookeeper.ClientCnxn)
[2018-06-22 14:37:21,562] INFO Unable to read additional data from server sessionid 0x16427ebca620000, likely server has closed socket, closing socket connection and attempting reconnect (org.apache.zookeeper.ClientCnxn)
[2018-06-22 14:37:22,050] INFO [ThrottledRequestReaper-Produce], Stopped  (kafka.server.ClientQuotaManager$ThrottledRequestReaper)
[2018-06-22 14:37:22,050] INFO [ThrottledRequestReaper-Produce], Shutdown completed (kafka.server.ClientQuotaManager$ThrottledRequestReaper)
[2018-06-22 14:37:22,052] INFO [KafkaApi-0] Shutdown complete. (kafka.server.KafkaApis)
[2018-06-22 14:37:22,055] INFO [Replica Manager on Broker 0]: Shutting down (kafka.server.ReplicaManager)
[2018-06-22 14:37:22,056] INFO [ReplicaFetcherManager on broker 0] shutting down (kafka.server.ReplicaFetcherManager)
[2018-06-22 14:37:22,060] INFO [ReplicaFetcherManager on broker 0] shutdown completed (kafka.server.ReplicaFetcherManager)
[2018-06-22 14:37:22,060] INFO [ExpirationReaper-0], Shutting down (kafka.server.DelayedOperationPurgatory$ExpiredOperationReaper)
[2018-06-22 14:37:22,114] INFO [ExpirationReaper-0], Stopped  (kafka.server.DelayedOperationPurgatory$ExpiredOperationReaper)
[2018-06-22 14:37:22,114] INFO [ExpirationReaper-0], Shutdown completed (kafka.server.DelayedOperationPurgatory$ExpiredOperationReaper)
[2018-06-22 14:37:22,115] INFO [ExpirationReaper-0], Shutting down (kafka.server.DelayedOperationPurgatory$ExpiredOperationReaper)
[2018-06-22 14:37:22,314] INFO [ExpirationReaper-0], Stopped  (kafka.server.DelayedOperationPurgatory$ExpiredOperationReaper)
[2018-06-22 14:37:22,314] INFO [ExpirationReaper-0], Shutdown completed (kafka.server.DelayedOperationPurgatory$ExpiredOperationReaper)
[2018-06-22 14:37:22,320] INFO [Replica Manager on Broker 0]: Shut down completely (kafka.server.ReplicaManager)
[2018-06-22 14:37:22,321] INFO [ExpirationReaper-0], Shutting down (kafka.server.DelayedOperationPurgatory$ExpiredOperationReaper)
[2018-06-22 14:37:22,436] INFO [ExpirationReaper-0], Stopped  (kafka.server.DelayedOperationPurgatory$ExpiredOperationReaper)
[2018-06-22 14:37:22,436] INFO [ExpirationReaper-0], Shutdown completed (kafka.server.DelayedOperationPurgatory$ExpiredOperationReaper)
[2018-06-22 14:37:22,440] INFO [GroupCoordinator 0]: Shutting down. (kafka.coordinator.GroupCoordinator)
[2018-06-22 14:37:22,441] INFO [ExpirationReaper-0], Shutting down (kafka.server.DelayedOperationPurgatory$ExpiredOperationReaper)
[2018-06-22 14:37:22,639] INFO [ExpirationReaper-0], Stopped  (kafka.server.DelayedOperationPurgatory$ExpiredOperationReaper)
[2018-06-22 14:37:22,639] INFO [ExpirationReaper-0], Shutdown completed (kafka.server.DelayedOperationPurgatory$ExpiredOperationReaper)
[2018-06-22 14:37:22,639] INFO [ExpirationReaper-0], Shutting down (kafka.server.DelayedOperationPurgatory$ExpiredOperationReaper)
[2018-06-22 14:37:22,717] INFO Opening socket connection to server localhost/127.0.0.1:2181. Will not attempt to authenticate using SASL (unknown error) (org.apache.zookeeper.ClientCnxn)
[2018-06-22 14:37:22,718] INFO Socket connection established to localhost/127.0.0.1:2181, initiating session (org.apache.zookeeper.ClientCnxn)
[2018-06-22 14:37:22,724] INFO Unable to read additional data from server sessionid 0x16427ebca620000, likely server has closed socket, closing socket connection and attempting reconnect (org.apache.zookeeper.ClientCnxn)
[2018-06-22 14:37:22,838] INFO [ExpirationReaper-0], Stopped  (kafka.server.DelayedOperationPurgatory$ExpiredOperationReaper)
[2018-06-22 14:37:22,838] INFO [ExpirationReaper-0], Shutdown completed (kafka.server.DelayedOperationPurgatory$ExpiredOperationReaper)
[2018-06-22 14:37:22,839] INFO [GroupCoordinator 0]: Shutdown complete. (kafka.coordinator.GroupCoordinator)
[2018-06-22 14:37:22,841] INFO Shutting down. (kafka.log.LogManager)
[2018-06-22 14:37:22,851] WARN No such file or directory (kafka.utils.CoreUtils$)
java.io.IOException: No such file or directory
	at java.io.UnixFileSystem.createFileExclusively(Native Method)
	at java.io.File.createNewFile(File.java:1012)
	at kafka.log.LogManager$$anonfun$shutdown$5$$anonfun$apply$3.apply$mcV$sp(LogManager.scala:270)
	at kafka.utils.CoreUtils$.swallow(CoreUtils.scala:78)
	at kafka.utils.Logging$class.swallowWarn(Logging.scala:94)
	at kafka.utils.CoreUtils$.swallowWarn(CoreUtils.scala:48)
	at kafka.utils.Logging$class.swallow(Logging.scala:96)
	at kafka.utils.CoreUtils$.swallow(CoreUtils.scala:48)
	at kafka.log.LogManager$$anonfun$shutdown$5.apply(LogManager.scala:270)
	at kafka.log.LogManager$$anonfun$shutdown$5.apply(LogManager.scala:261)
	at scala.collection.TraversableLike$WithFilter$$anonfun$foreach$1.apply(TraversableLike.scala:733)
	at scala.collection.mutable.HashMap$$anonfun$foreach$1.apply(HashMap.scala:99)
	at scala.collection.mutable.HashMap$$anonfun$foreach$1.apply(HashMap.scala:99)
	at scala.collection.mutable.HashTable$class.foreachEntry(HashTable.scala:230)
	at scala.collection.mutable.HashMap.foreachEntry(HashMap.scala:40)
	at scala.collection.mutable.HashMap.foreach(HashMap.scala:99)
	at scala.collection.TraversableLike$WithFilter.foreach(TraversableLike.scala:732)
	at kafka.log.LogManager.shutdown(LogManager.scala:261)
	at kafka.server.KafkaServer$$anonfun$shutdown$10.apply$mcV$sp(KafkaServer.scala:598)
	at kafka.utils.CoreUtils$.swallow(CoreUtils.scala:78)
	at kafka.utils.Logging$class.swallowWarn(Logging.scala:94)
	at kafka.utils.CoreUtils$.swallowWarn(CoreUtils.scala:48)
	at kafka.utils.Logging$class.swallow(Logging.scala:96)
	at kafka.utils.CoreUtils$.swallow(CoreUtils.scala:48)
	at kafka.server.KafkaServer.shutdown(KafkaServer.scala:598)
	at kafka.server.KafkaServerStartable.shutdown(KafkaServerStartable.scala:51)
	at kafka.Kafka$$anon$1.run(Kafka.scala:63)
[2018-06-22 14:37:22,866] INFO Shutdown complete. (kafka.log.LogManager)
[2018-06-22 14:37:22,877] INFO Terminate ZkClient event thread. (org.I0Itec.zkclient.ZkEventThread)
[2018-06-22 14:37:23,577] INFO Session: 0x16427ebca620000 closed (org.apache.zookeeper.ZooKeeper)
[2018-06-22 14:37:23,580] INFO EventThread shut down for session: 0x16427ebca620000 (org.apache.zookeeper.ClientCnxn)
[2018-06-22 14:37:23,580] INFO [Kafka Server 0], shut down completed (kafka.server.KafkaServer)
