[2018-06-22 18:17:32,390] INFO Starting the log cleaner (kafka.log.LogCleaner)
[2018-06-22 18:17:32,401] INFO [kafka-log-cleaner-thread-0], Starting  (kafka.log.LogCleaner)
[2018-06-22 18:20:07,871] INFO Starting the log cleaner (kafka.log.LogCleaner)
[2018-06-22 18:20:07,873] INFO [kafka-log-cleaner-thread-0], Starting  (kafka.log.LogCleaner)
[2018-06-22 18:20:10,175] INFO Shutting down the log cleaner. (kafka.log.LogCleaner)
[2018-06-22 18:20:10,175] INFO [kafka-log-cleaner-thread-0], Shutting down (kafka.log.LogCleaner)
[2018-06-22 18:20:10,176] INFO [kafka-log-cleaner-thread-0], Stopped  (kafka.log.LogCleaner)
[2018-06-22 18:20:10,176] INFO [kafka-log-cleaner-thread-0], Shutdown completed (kafka.log.LogCleaner)
[2018-06-22 18:20:14,436] INFO Starting the log cleaner (kafka.log.LogCleaner)
[2018-06-22 18:20:14,437] INFO [kafka-log-cleaner-thread-0], Starting  (kafka.log.LogCleaner)
[2018-06-22 18:20:16,746] INFO Shutting down the log cleaner. (kafka.log.LogCleaner)
[2018-06-22 18:20:16,747] INFO [kafka-log-cleaner-thread-0], Shutting down (kafka.log.LogCleaner)
[2018-06-22 18:20:16,747] INFO [kafka-log-cleaner-thread-0], Stopped  (kafka.log.LogCleaner)
[2018-06-22 18:20:16,747] INFO [kafka-log-cleaner-thread-0], Shutdown completed (kafka.log.LogCleaner)
[2018-06-22 18:21:39,645] INFO Starting the log cleaner (kafka.log.LogCleaner)
[2018-06-22 18:21:39,646] INFO [kafka-log-cleaner-thread-0], Starting  (kafka.log.LogCleaner)
[2018-06-22 18:21:40,502] INFO Starting the log cleaner (kafka.log.LogCleaner)
[2018-06-22 18:21:40,504] INFO [kafka-log-cleaner-thread-0], Starting  (kafka.log.LogCleaner)
[2018-06-22 18:21:41,588] INFO Starting the log cleaner (kafka.log.LogCleaner)
[2018-06-22 18:21:41,593] INFO [kafka-log-cleaner-thread-0], Starting  (kafka.log.LogCleaner)
[2018-06-22 18:22:48,576] INFO Starting the log cleaner (kafka.log.LogCleaner)
[2018-06-22 18:22:48,578] INFO [kafka-log-cleaner-thread-0], Starting  (kafka.log.LogCleaner)
[2018-06-22 18:22:49,408] INFO Starting the log cleaner (kafka.log.LogCleaner)
[2018-06-22 18:22:49,409] INFO [kafka-log-cleaner-thread-0], Starting  (kafka.log.LogCleaner)
[2018-06-22 18:22:49,931] INFO Shutting down the log cleaner. (kafka.log.LogCleaner)
[2018-06-22 18:22:49,931] INFO [kafka-log-cleaner-thread-0], Shutting down (kafka.log.LogCleaner)
[2018-06-22 18:22:49,931] INFO [kafka-log-cleaner-thread-0], Stopped  (kafka.log.LogCleaner)
[2018-06-22 18:22:49,931] INFO [kafka-log-cleaner-thread-0], Shutdown completed (kafka.log.LogCleaner)
[2018-06-22 18:22:50,291] INFO Starting the log cleaner (kafka.log.LogCleaner)
[2018-06-22 18:22:50,292] INFO [kafka-log-cleaner-thread-0], Starting  (kafka.log.LogCleaner)
[2018-06-22 18:22:50,720] INFO Shutting down the log cleaner. (kafka.log.LogCleaner)
[2018-06-22 18:22:50,721] INFO [kafka-log-cleaner-thread-0], Shutting down (kafka.log.LogCleaner)
[2018-06-22 18:22:50,721] INFO [kafka-log-cleaner-thread-0], Stopped  (kafka.log.LogCleaner)
[2018-06-22 18:22:50,721] INFO [kafka-log-cleaner-thread-0], Shutdown completed (kafka.log.LogCleaner)
[2018-06-22 18:22:51,612] INFO Shutting down the log cleaner. (kafka.log.LogCleaner)
[2018-06-22 18:22:51,613] INFO [kafka-log-cleaner-thread-0], Shutting down (kafka.log.LogCleaner)
[2018-06-22 18:22:51,613] INFO [kafka-log-cleaner-thread-0], Stopped  (kafka.log.LogCleaner)
[2018-06-22 18:22:51,613] INFO [kafka-log-cleaner-thread-0], Shutdown completed (kafka.log.LogCleaner)
[2018-06-22 18:29:34,738] INFO Starting the log cleaner (kafka.log.LogCleaner)
[2018-06-22 18:29:34,748] INFO [kafka-log-cleaner-thread-0], Starting  (kafka.log.LogCleaner)
[2018-06-22 18:29:35,527] INFO Starting the log cleaner (kafka.log.LogCleaner)
[2018-06-22 18:29:35,528] INFO [kafka-log-cleaner-thread-0], Starting  (kafka.log.LogCleaner)
[2018-06-22 18:29:36,224] INFO Shutting down the log cleaner. (kafka.log.LogCleaner)
[2018-06-22 18:29:36,225] INFO [kafka-log-cleaner-thread-0], Shutting down (kafka.log.LogCleaner)
[2018-06-22 18:29:36,227] INFO [kafka-log-cleaner-thread-0], Stopped  (kafka.log.LogCleaner)
[2018-06-22 18:29:36,243] INFO [kafka-log-cleaner-thread-0], Shutdown completed (kafka.log.LogCleaner)
[2018-06-22 18:29:36,776] INFO Starting the log cleaner (kafka.log.LogCleaner)
[2018-06-22 18:29:36,784] INFO [kafka-log-cleaner-thread-0], Starting  (kafka.log.LogCleaner)
[2018-06-22 18:29:38,003] INFO Shutting down the log cleaner. (kafka.log.LogCleaner)
[2018-06-22 18:29:38,003] INFO [kafka-log-cleaner-thread-0], Shutting down (kafka.log.LogCleaner)
[2018-06-22 18:29:38,003] INFO [kafka-log-cleaner-thread-0], Stopped  (kafka.log.LogCleaner)
[2018-06-22 18:29:38,004] INFO [kafka-log-cleaner-thread-0], Shutdown completed (kafka.log.LogCleaner)
[2018-06-22 18:33:12,474] INFO Starting the log cleaner (kafka.log.LogCleaner)
[2018-06-22 18:33:12,476] INFO [kafka-log-cleaner-thread-0], Starting  (kafka.log.LogCleaner)
[2018-06-22 18:33:13,515] INFO Starting the log cleaner (kafka.log.LogCleaner)
[2018-06-22 18:33:13,519] INFO [kafka-log-cleaner-thread-0], Starting  (kafka.log.LogCleaner)
[2018-06-22 18:33:14,381] INFO Starting the log cleaner (kafka.log.LogCleaner)
[2018-06-22 18:33:14,383] INFO [kafka-log-cleaner-thread-0], Starting  (kafka.log.LogCleaner)
[2018-06-22 18:33:14,456] INFO Shutting down the log cleaner. (kafka.log.LogCleaner)
[2018-06-22 18:33:14,457] INFO [kafka-log-cleaner-thread-0], Shutting down (kafka.log.LogCleaner)
[2018-06-22 18:33:14,457] INFO [kafka-log-cleaner-thread-0], Stopped  (kafka.log.LogCleaner)
[2018-06-22 18:33:14,458] INFO [kafka-log-cleaner-thread-0], Shutdown completed (kafka.log.LogCleaner)
[2018-06-22 18:33:53,763] INFO Shutting down the log cleaner. (kafka.log.LogCleaner)
[2018-06-22 18:33:53,763] INFO [kafka-log-cleaner-thread-0], Shutting down (kafka.log.LogCleaner)
[2018-06-22 18:33:53,763] INFO [kafka-log-cleaner-thread-0], Stopped  (kafka.log.LogCleaner)
[2018-06-22 18:33:53,763] INFO [kafka-log-cleaner-thread-0], Shutdown completed (kafka.log.LogCleaner)
[2018-06-22 18:34:01,783] INFO Starting the log cleaner (kafka.log.LogCleaner)
[2018-06-22 18:34:01,786] INFO [kafka-log-cleaner-thread-0], Starting  (kafka.log.LogCleaner)
[2018-06-22 18:34:02,598] INFO Starting the log cleaner (kafka.log.LogCleaner)
[2018-06-22 18:34:02,599] INFO [kafka-log-cleaner-thread-0], Starting  (kafka.log.LogCleaner)
[2018-06-22 18:34:03,658] INFO Starting the log cleaner (kafka.log.LogCleaner)
[2018-06-22 18:34:03,663] INFO [kafka-log-cleaner-thread-0], Starting  (kafka.log.LogCleaner)
[2018-06-22 18:34:04,158] INFO Shutting down the log cleaner. (kafka.log.LogCleaner)
[2018-06-22 18:34:04,158] INFO [kafka-log-cleaner-thread-0], Shutting down (kafka.log.LogCleaner)
[2018-06-22 18:34:04,159] INFO [kafka-log-cleaner-thread-0], Stopped  (kafka.log.LogCleaner)
[2018-06-22 18:34:04,160] INFO [kafka-log-cleaner-thread-0], Shutdown completed (kafka.log.LogCleaner)
[2018-06-22 18:34:04,806] INFO Shutting down the log cleaner. (kafka.log.LogCleaner)
[2018-06-22 18:34:04,806] INFO [kafka-log-cleaner-thread-0], Shutting down (kafka.log.LogCleaner)
[2018-06-22 18:34:04,806] INFO [kafka-log-cleaner-thread-0], Stopped  (kafka.log.LogCleaner)
[2018-06-22 18:34:04,806] INFO [kafka-log-cleaner-thread-0], Shutdown completed (kafka.log.LogCleaner)
[2018-06-22 18:38:31,240] INFO Starting the log cleaner (kafka.log.LogCleaner)
[2018-06-22 18:38:31,242] INFO [kafka-log-cleaner-thread-0], Starting  (kafka.log.LogCleaner)
[2018-06-22 18:38:32,302] INFO Starting the log cleaner (kafka.log.LogCleaner)
[2018-06-22 18:38:32,306] INFO [kafka-log-cleaner-thread-0], Starting  (kafka.log.LogCleaner)
[2018-06-22 18:38:33,558] INFO Starting the log cleaner (kafka.log.LogCleaner)
[2018-06-22 18:38:33,566] INFO [kafka-log-cleaner-thread-0], Starting  (kafka.log.LogCleaner)
[2018-06-22 18:46:31,324] ERROR [kafka-log-cleaner-thread-0], Error due to  (kafka.log.LogCleaner)
java.io.FileNotFoundException: /tmp/kafka-logs/cleaner-offset-checkpoint (No such file or directory)
	at java.io.FileInputStream.open0(Native Method)
	at java.io.FileInputStream.open(FileInputStream.java:195)
	at java.io.FileInputStream.<init>(FileInputStream.java:138)
	at java.io.FileReader.<init>(FileReader.java:72)
	at kafka.server.OffsetCheckpoint.read(OffsetCheckpoint.scala:86)
	at kafka.log.LogCleanerManager$$anonfun$allCleanerCheckpoints$1.apply(LogCleanerManager.scala:81)
	at kafka.log.LogCleanerManager$$anonfun$allCleanerCheckpoints$1.apply(LogCleanerManager.scala:81)
	at scala.collection.TraversableLike$$anonfun$flatMap$1.apply(TraversableLike.scala:241)
	at scala.collection.TraversableLike$$anonfun$flatMap$1.apply(TraversableLike.scala:241)
	at scala.collection.Iterator$class.foreach(Iterator.scala:893)
	at scala.collection.AbstractIterator.foreach(Iterator.scala:1336)
	at scala.collection.MapLike$DefaultValuesIterable.foreach(MapLike.scala:206)
	at scala.collection.TraversableLike$class.flatMap(TraversableLike.scala:241)
	at scala.collection.AbstractTraversable.flatMap(Traversable.scala:104)
	at kafka.log.LogCleanerManager.allCleanerCheckpoints(LogCleanerManager.scala:81)
	at kafka.log.LogCleanerManager$$anonfun$grabFilthiestCompactedLog$1.apply(LogCleanerManager.scala:92)
	at kafka.log.LogCleanerManager$$anonfun$grabFilthiestCompactedLog$1.apply(LogCleanerManager.scala:89)
	at kafka.utils.CoreUtils$.inLock(CoreUtils.scala:213)
	at kafka.log.LogCleanerManager.grabFilthiestCompactedLog(LogCleanerManager.scala:89)
	at kafka.log.LogCleaner$CleanerThread.cleanOrSleep(LogCleaner.scala:234)
	at kafka.log.LogCleaner$CleanerThread.doWork(LogCleaner.scala:220)
	at kafka.utils.ShutdownableThread.run(ShutdownableThread.scala:63)
[2018-06-22 18:46:31,325] INFO [kafka-log-cleaner-thread-0], Stopped  (kafka.log.LogCleaner)
[2018-06-22 18:46:47,405] ERROR [kafka-log-cleaner-thread-0], Error due to  (kafka.log.LogCleaner)
java.io.FileNotFoundException: /tmp/kafka-logs-2/cleaner-offset-checkpoint (No such file or directory)
	at java.io.FileInputStream.open0(Native Method)
	at java.io.FileInputStream.open(FileInputStream.java:195)
	at java.io.FileInputStream.<init>(FileInputStream.java:138)
	at java.io.FileReader.<init>(FileReader.java:72)
	at kafka.server.OffsetCheckpoint.read(OffsetCheckpoint.scala:86)
	at kafka.log.LogCleanerManager$$anonfun$allCleanerCheckpoints$1.apply(LogCleanerManager.scala:81)
	at kafka.log.LogCleanerManager$$anonfun$allCleanerCheckpoints$1.apply(LogCleanerManager.scala:81)
	at scala.collection.TraversableLike$$anonfun$flatMap$1.apply(TraversableLike.scala:241)
	at scala.collection.TraversableLike$$anonfun$flatMap$1.apply(TraversableLike.scala:241)
	at scala.collection.Iterator$class.foreach(Iterator.scala:893)
	at scala.collection.AbstractIterator.foreach(Iterator.scala:1336)
	at scala.collection.MapLike$DefaultValuesIterable.foreach(MapLike.scala:206)
	at scala.collection.TraversableLike$class.flatMap(TraversableLike.scala:241)
	at scala.collection.AbstractTraversable.flatMap(Traversable.scala:104)
	at kafka.log.LogCleanerManager.allCleanerCheckpoints(LogCleanerManager.scala:81)
	at kafka.log.LogCleanerManager$$anonfun$grabFilthiestCompactedLog$1.apply(LogCleanerManager.scala:92)
	at kafka.log.LogCleanerManager$$anonfun$grabFilthiestCompactedLog$1.apply(LogCleanerManager.scala:89)
	at kafka.utils.CoreUtils$.inLock(CoreUtils.scala:213)
	at kafka.log.LogCleanerManager.grabFilthiestCompactedLog(LogCleanerManager.scala:89)
	at kafka.log.LogCleaner$CleanerThread.cleanOrSleep(LogCleaner.scala:234)
	at kafka.log.LogCleaner$CleanerThread.doWork(LogCleaner.scala:220)
	at kafka.utils.ShutdownableThread.run(ShutdownableThread.scala:63)
[2018-06-22 18:46:47,407] INFO [kafka-log-cleaner-thread-0], Stopped  (kafka.log.LogCleaner)
[2018-06-22 18:46:48,602] ERROR [kafka-log-cleaner-thread-0], Error due to  (kafka.log.LogCleaner)
java.io.FileNotFoundException: /tmp/kafka-logs-3/cleaner-offset-checkpoint (No such file or directory)
	at java.io.FileInputStream.open0(Native Method)
	at java.io.FileInputStream.open(FileInputStream.java:195)
	at java.io.FileInputStream.<init>(FileInputStream.java:138)
	at java.io.FileReader.<init>(FileReader.java:72)
	at kafka.server.OffsetCheckpoint.read(OffsetCheckpoint.scala:86)
	at kafka.log.LogCleanerManager$$anonfun$allCleanerCheckpoints$1.apply(LogCleanerManager.scala:81)
	at kafka.log.LogCleanerManager$$anonfun$allCleanerCheckpoints$1.apply(LogCleanerManager.scala:81)
	at scala.collection.TraversableLike$$anonfun$flatMap$1.apply(TraversableLike.scala:241)
	at scala.collection.TraversableLike$$anonfun$flatMap$1.apply(TraversableLike.scala:241)
	at scala.collection.Iterator$class.foreach(Iterator.scala:893)
	at scala.collection.AbstractIterator.foreach(Iterator.scala:1336)
	at scala.collection.MapLike$DefaultValuesIterable.foreach(MapLike.scala:206)
	at scala.collection.TraversableLike$class.flatMap(TraversableLike.scala:241)
	at scala.collection.AbstractTraversable.flatMap(Traversable.scala:104)
	at kafka.log.LogCleanerManager.allCleanerCheckpoints(LogCleanerManager.scala:81)
	at kafka.log.LogCleanerManager$$anonfun$grabFilthiestCompactedLog$1.apply(LogCleanerManager.scala:92)
	at kafka.log.LogCleanerManager$$anonfun$grabFilthiestCompactedLog$1.apply(LogCleanerManager.scala:89)
	at kafka.utils.CoreUtils$.inLock(CoreUtils.scala:213)
	at kafka.log.LogCleanerManager.grabFilthiestCompactedLog(LogCleanerManager.scala:89)
	at kafka.log.LogCleaner$CleanerThread.cleanOrSleep(LogCleaner.scala:234)
	at kafka.log.LogCleaner$CleanerThread.doWork(LogCleaner.scala:220)
	at kafka.utils.ShutdownableThread.run(ShutdownableThread.scala:63)
[2018-06-22 18:46:48,605] INFO [kafka-log-cleaner-thread-0], Stopped  (kafka.log.LogCleaner)
[2018-06-22 18:46:54,242] INFO Shutting down the log cleaner. (kafka.log.LogCleaner)
[2018-06-22 18:46:54,243] INFO [kafka-log-cleaner-thread-0], Shutting down (kafka.log.LogCleaner)
[2018-06-22 18:46:54,243] INFO [kafka-log-cleaner-thread-0], Shutdown completed (kafka.log.LogCleaner)
[2018-06-22 18:46:54,651] INFO Starting the log cleaner (kafka.log.LogCleaner)
[2018-06-22 18:46:54,655] INFO [kafka-log-cleaner-thread-0], Starting  (kafka.log.LogCleaner)
[2018-06-22 18:46:55,640] INFO Starting the log cleaner (kafka.log.LogCleaner)
[2018-06-22 18:46:55,642] INFO [kafka-log-cleaner-thread-0], Starting  (kafka.log.LogCleaner)
[2018-06-22 18:46:56,632] INFO Starting the log cleaner (kafka.log.LogCleaner)
[2018-06-22 18:46:56,644] INFO [kafka-log-cleaner-thread-0], Starting  (kafka.log.LogCleaner)
[2018-06-22 18:46:56,991] INFO Shutting down the log cleaner. (kafka.log.LogCleaner)
[2018-06-22 18:46:56,991] INFO [kafka-log-cleaner-thread-0], Shutting down (kafka.log.LogCleaner)
[2018-06-22 18:46:56,993] INFO [kafka-log-cleaner-thread-0], Stopped  (kafka.log.LogCleaner)
[2018-06-22 18:46:56,993] INFO [kafka-log-cleaner-thread-0], Shutdown completed (kafka.log.LogCleaner)
[2018-06-22 18:47:40,812] INFO Shutting down the log cleaner. (kafka.log.LogCleaner)
[2018-06-22 18:47:40,813] INFO [kafka-log-cleaner-thread-0], Shutting down (kafka.log.LogCleaner)
[2018-06-22 18:47:40,814] INFO [kafka-log-cleaner-thread-0], Stopped  (kafka.log.LogCleaner)
[2018-06-22 18:47:40,815] INFO [kafka-log-cleaner-thread-0], Shutdown completed (kafka.log.LogCleaner)
[2018-06-22 18:47:41,120] INFO Starting the log cleaner (kafka.log.LogCleaner)
[2018-06-22 18:47:41,122] INFO [kafka-log-cleaner-thread-0], Starting  (kafka.log.LogCleaner)
[2018-06-22 18:47:42,008] INFO Starting the log cleaner (kafka.log.LogCleaner)
[2018-06-22 18:47:42,017] INFO [kafka-log-cleaner-thread-0], Starting  (kafka.log.LogCleaner)
[2018-06-22 18:47:43,115] INFO Starting the log cleaner (kafka.log.LogCleaner)
[2018-06-22 18:47:43,120] INFO [kafka-log-cleaner-thread-0], Starting  (kafka.log.LogCleaner)
[2018-06-22 18:48:10,426] INFO Shutting down the log cleaner. (kafka.log.LogCleaner)
[2018-06-22 18:48:10,427] INFO [kafka-log-cleaner-thread-0], Shutting down (kafka.log.LogCleaner)
[2018-06-22 18:48:10,427] INFO [kafka-log-cleaner-thread-0], Stopped  (kafka.log.LogCleaner)
[2018-06-22 18:48:10,427] INFO [kafka-log-cleaner-thread-0], Shutdown completed (kafka.log.LogCleaner)
[2018-06-22 18:48:11,140] INFO Starting the log cleaner (kafka.log.LogCleaner)
[2018-06-22 18:48:11,142] INFO [kafka-log-cleaner-thread-0], Starting  (kafka.log.LogCleaner)
[2018-06-22 18:48:11,954] INFO Starting the log cleaner (kafka.log.LogCleaner)
[2018-06-22 18:48:11,957] INFO [kafka-log-cleaner-thread-0], Starting  (kafka.log.LogCleaner)
[2018-06-22 18:48:12,685] INFO Shutting down the log cleaner. (kafka.log.LogCleaner)
[2018-06-22 18:48:12,685] INFO [kafka-log-cleaner-thread-0], Shutting down (kafka.log.LogCleaner)
[2018-06-22 18:48:12,687] INFO [kafka-log-cleaner-thread-0], Stopped  (kafka.log.LogCleaner)
[2018-06-22 18:48:12,687] INFO [kafka-log-cleaner-thread-0], Shutdown completed (kafka.log.LogCleaner)
[2018-06-22 18:48:12,943] INFO Starting the log cleaner (kafka.log.LogCleaner)
[2018-06-22 18:48:12,945] INFO [kafka-log-cleaner-thread-0], Starting  (kafka.log.LogCleaner)
[2018-06-22 18:48:13,270] INFO Shutting down the log cleaner. (kafka.log.LogCleaner)
[2018-06-22 18:48:13,271] INFO [kafka-log-cleaner-thread-0], Shutting down (kafka.log.LogCleaner)
[2018-06-22 18:48:13,271] INFO [kafka-log-cleaner-thread-0], Stopped  (kafka.log.LogCleaner)
[2018-06-22 18:48:13,271] INFO [kafka-log-cleaner-thread-0], Shutdown completed (kafka.log.LogCleaner)
[2018-06-22 18:48:27,954] ERROR [kafka-log-cleaner-thread-0], Error due to  (kafka.log.LogCleaner)
java.io.FileNotFoundException: /tmp/kafka-logs-3/cleaner-offset-checkpoint (No such file or directory)
	at java.io.FileInputStream.open0(Native Method)
	at java.io.FileInputStream.open(FileInputStream.java:195)
	at java.io.FileInputStream.<init>(FileInputStream.java:138)
	at java.io.FileReader.<init>(FileReader.java:72)
	at kafka.server.OffsetCheckpoint.read(OffsetCheckpoint.scala:86)
	at kafka.log.LogCleanerManager$$anonfun$allCleanerCheckpoints$1.apply(LogCleanerManager.scala:81)
	at kafka.log.LogCleanerManager$$anonfun$allCleanerCheckpoints$1.apply(LogCleanerManager.scala:81)
	at scala.collection.TraversableLike$$anonfun$flatMap$1.apply(TraversableLike.scala:241)
	at scala.collection.TraversableLike$$anonfun$flatMap$1.apply(TraversableLike.scala:241)
	at scala.collection.Iterator$class.foreach(Iterator.scala:893)
	at scala.collection.AbstractIterator.foreach(Iterator.scala:1336)
	at scala.collection.MapLike$DefaultValuesIterable.foreach(MapLike.scala:206)
	at scala.collection.TraversableLike$class.flatMap(TraversableLike.scala:241)
	at scala.collection.AbstractTraversable.flatMap(Traversable.scala:104)
	at kafka.log.LogCleanerManager.allCleanerCheckpoints(LogCleanerManager.scala:81)
	at kafka.log.LogCleanerManager$$anonfun$grabFilthiestCompactedLog$1.apply(LogCleanerManager.scala:92)
	at kafka.log.LogCleanerManager$$anonfun$grabFilthiestCompactedLog$1.apply(LogCleanerManager.scala:89)
	at kafka.utils.CoreUtils$.inLock(CoreUtils.scala:213)
	at kafka.log.LogCleanerManager.grabFilthiestCompactedLog(LogCleanerManager.scala:89)
	at kafka.log.LogCleaner$CleanerThread.cleanOrSleep(LogCleaner.scala:234)
	at kafka.log.LogCleaner$CleanerThread.doWork(LogCleaner.scala:220)
	at kafka.utils.ShutdownableThread.run(ShutdownableThread.scala:63)
[2018-06-22 18:48:27,956] INFO [kafka-log-cleaner-thread-0], Stopped  (kafka.log.LogCleaner)
[2018-06-22 18:48:42,637] INFO Starting the log cleaner (kafka.log.LogCleaner)
[2018-06-22 18:48:42,644] INFO [kafka-log-cleaner-thread-0], Starting  (kafka.log.LogCleaner)
[2018-06-22 18:48:43,220] INFO Shutting down the log cleaner. (kafka.log.LogCleaner)
[2018-06-22 18:48:43,221] INFO [kafka-log-cleaner-thread-0], Shutting down (kafka.log.LogCleaner)
[2018-06-22 18:48:43,221] INFO [kafka-log-cleaner-thread-0], Shutdown completed (kafka.log.LogCleaner)
[2018-06-22 18:48:43,564] INFO Starting the log cleaner (kafka.log.LogCleaner)
[2018-06-22 18:48:43,568] INFO [kafka-log-cleaner-thread-0], Starting  (kafka.log.LogCleaner)
[2018-06-22 18:48:44,673] INFO Starting the log cleaner (kafka.log.LogCleaner)
[2018-06-22 18:48:44,678] INFO [kafka-log-cleaner-thread-0], Starting  (kafka.log.LogCleaner)
[2018-06-22 18:50:06,970] INFO Starting the log cleaner (kafka.log.LogCleaner)
[2018-06-22 18:50:06,975] INFO [kafka-log-cleaner-thread-0], Starting  (kafka.log.LogCleaner)
[2018-06-22 18:50:07,186] INFO Shutting down the log cleaner. (kafka.log.LogCleaner)
[2018-06-22 18:50:07,187] INFO [kafka-log-cleaner-thread-0], Shutting down (kafka.log.LogCleaner)
[2018-06-22 18:50:07,194] INFO [kafka-log-cleaner-thread-0], Stopped  (kafka.log.LogCleaner)
[2018-06-22 18:50:07,202] INFO [kafka-log-cleaner-thread-0], Shutdown completed (kafka.log.LogCleaner)
[2018-06-22 18:50:08,103] INFO Starting the log cleaner (kafka.log.LogCleaner)
[2018-06-22 18:50:08,104] INFO [kafka-log-cleaner-thread-0], Starting  (kafka.log.LogCleaner)
[2018-06-22 18:50:09,071] INFO Starting the log cleaner (kafka.log.LogCleaner)
[2018-06-22 18:50:09,073] INFO [kafka-log-cleaner-thread-0], Starting  (kafka.log.LogCleaner)
[2018-06-22 18:50:09,461] INFO Shutting down the log cleaner. (kafka.log.LogCleaner)
[2018-06-22 18:50:09,461] INFO [kafka-log-cleaner-thread-0], Shutting down (kafka.log.LogCleaner)
[2018-06-22 18:50:09,461] INFO [kafka-log-cleaner-thread-0], Stopped  (kafka.log.LogCleaner)
[2018-06-22 18:50:09,461] INFO [kafka-log-cleaner-thread-0], Shutdown completed (kafka.log.LogCleaner)
[2018-06-22 18:50:09,623] INFO Shutting down the log cleaner. (kafka.log.LogCleaner)
[2018-06-22 18:50:09,624] INFO [kafka-log-cleaner-thread-0], Shutting down (kafka.log.LogCleaner)
[2018-06-22 18:50:09,625] INFO [kafka-log-cleaner-thread-0], Stopped  (kafka.log.LogCleaner)
[2018-06-22 18:50:09,625] INFO [kafka-log-cleaner-thread-0], Shutdown completed (kafka.log.LogCleaner)
[2018-06-22 18:50:39,080] ERROR [kafka-log-cleaner-thread-0], Error due to  (kafka.log.LogCleaner)
java.io.FileNotFoundException: /tmp/kafka-logs-3/cleaner-offset-checkpoint (No such file or directory)
	at java.io.FileInputStream.open0(Native Method)
	at java.io.FileInputStream.open(FileInputStream.java:195)
	at java.io.FileInputStream.<init>(FileInputStream.java:138)
	at java.io.FileReader.<init>(FileReader.java:72)
	at kafka.server.OffsetCheckpoint.read(OffsetCheckpoint.scala:86)
	at kafka.log.LogCleanerManager$$anonfun$allCleanerCheckpoints$1.apply(LogCleanerManager.scala:81)
	at kafka.log.LogCleanerManager$$anonfun$allCleanerCheckpoints$1.apply(LogCleanerManager.scala:81)
	at scala.collection.TraversableLike$$anonfun$flatMap$1.apply(TraversableLike.scala:241)
	at scala.collection.TraversableLike$$anonfun$flatMap$1.apply(TraversableLike.scala:241)
	at scala.collection.Iterator$class.foreach(Iterator.scala:893)
	at scala.collection.AbstractIterator.foreach(Iterator.scala:1336)
	at scala.collection.MapLike$DefaultValuesIterable.foreach(MapLike.scala:206)
	at scala.collection.TraversableLike$class.flatMap(TraversableLike.scala:241)
	at scala.collection.AbstractTraversable.flatMap(Traversable.scala:104)
	at kafka.log.LogCleanerManager.allCleanerCheckpoints(LogCleanerManager.scala:81)
	at kafka.log.LogCleanerManager$$anonfun$grabFilthiestCompactedLog$1.apply(LogCleanerManager.scala:92)
	at kafka.log.LogCleanerManager$$anonfun$grabFilthiestCompactedLog$1.apply(LogCleanerManager.scala:89)
	at kafka.utils.CoreUtils$.inLock(CoreUtils.scala:213)
	at kafka.log.LogCleanerManager.grabFilthiestCompactedLog(LogCleanerManager.scala:89)
	at kafka.log.LogCleaner$CleanerThread.cleanOrSleep(LogCleaner.scala:234)
	at kafka.log.LogCleaner$CleanerThread.doWork(LogCleaner.scala:220)
	at kafka.utils.ShutdownableThread.run(ShutdownableThread.scala:63)
[2018-06-22 18:50:39,082] INFO [kafka-log-cleaner-thread-0], Stopped  (kafka.log.LogCleaner)
[2018-06-22 18:50:45,846] INFO Starting the log cleaner (kafka.log.LogCleaner)
[2018-06-22 18:50:45,850] INFO [kafka-log-cleaner-thread-0], Starting  (kafka.log.LogCleaner)
[2018-06-22 18:50:46,738] INFO Shutting down the log cleaner. (kafka.log.LogCleaner)
[2018-06-22 18:50:46,738] INFO [kafka-log-cleaner-thread-0], Shutting down (kafka.log.LogCleaner)
[2018-06-22 18:50:46,738] INFO [kafka-log-cleaner-thread-0], Shutdown completed (kafka.log.LogCleaner)
[2018-06-22 18:50:46,741] INFO Starting the log cleaner (kafka.log.LogCleaner)
[2018-06-22 18:50:46,746] INFO [kafka-log-cleaner-thread-0], Starting  (kafka.log.LogCleaner)
[2018-06-22 18:50:47,839] INFO Starting the log cleaner (kafka.log.LogCleaner)
[2018-06-22 18:50:47,845] INFO [kafka-log-cleaner-thread-0], Starting  (kafka.log.LogCleaner)
[2018-06-22 18:51:02,853] ERROR [kafka-log-cleaner-thread-0], Error due to  (kafka.log.LogCleaner)
java.io.FileNotFoundException: /tmp/kafka-logs-3/cleaner-offset-checkpoint (No such file or directory)
	at java.io.FileInputStream.open0(Native Method)
	at java.io.FileInputStream.open(FileInputStream.java:195)
	at java.io.FileInputStream.<init>(FileInputStream.java:138)
	at java.io.FileReader.<init>(FileReader.java:72)
	at kafka.server.OffsetCheckpoint.read(OffsetCheckpoint.scala:86)
	at kafka.log.LogCleanerManager$$anonfun$allCleanerCheckpoints$1.apply(LogCleanerManager.scala:81)
	at kafka.log.LogCleanerManager$$anonfun$allCleanerCheckpoints$1.apply(LogCleanerManager.scala:81)
	at scala.collection.TraversableLike$$anonfun$flatMap$1.apply(TraversableLike.scala:241)
	at scala.collection.TraversableLike$$anonfun$flatMap$1.apply(TraversableLike.scala:241)
	at scala.collection.Iterator$class.foreach(Iterator.scala:893)
	at scala.collection.AbstractIterator.foreach(Iterator.scala:1336)
	at scala.collection.MapLike$DefaultValuesIterable.foreach(MapLike.scala:206)
	at scala.collection.TraversableLike$class.flatMap(TraversableLike.scala:241)
	at scala.collection.AbstractTraversable.flatMap(Traversable.scala:104)
	at kafka.log.LogCleanerManager.allCleanerCheckpoints(LogCleanerManager.scala:81)
	at kafka.log.LogCleanerManager$$anonfun$grabFilthiestCompactedLog$1.apply(LogCleanerManager.scala:92)
	at kafka.log.LogCleanerManager$$anonfun$grabFilthiestCompactedLog$1.apply(LogCleanerManager.scala:89)
	at kafka.utils.CoreUtils$.inLock(CoreUtils.scala:213)
	at kafka.log.LogCleanerManager.grabFilthiestCompactedLog(LogCleanerManager.scala:89)
	at kafka.log.LogCleaner$CleanerThread.cleanOrSleep(LogCleaner.scala:234)
	at kafka.log.LogCleaner$CleanerThread.doWork(LogCleaner.scala:220)
	at kafka.utils.ShutdownableThread.run(ShutdownableThread.scala:63)
[2018-06-22 18:51:02,856] INFO [kafka-log-cleaner-thread-0], Stopped  (kafka.log.LogCleaner)
[2018-06-22 18:51:18,445] INFO Shutting down the log cleaner. (kafka.log.LogCleaner)
[2018-06-22 18:51:18,445] INFO [kafka-log-cleaner-thread-0], Shutting down (kafka.log.LogCleaner)
[2018-06-22 18:51:18,445] INFO [kafka-log-cleaner-thread-0], Shutdown completed (kafka.log.LogCleaner)
[2018-06-22 18:51:18,573] INFO Starting the log cleaner (kafka.log.LogCleaner)
[2018-06-22 18:51:18,575] INFO [kafka-log-cleaner-thread-0], Starting  (kafka.log.LogCleaner)
[2018-06-22 18:51:19,384] INFO Starting the log cleaner (kafka.log.LogCleaner)
[2018-06-22 18:51:19,386] INFO [kafka-log-cleaner-thread-0], Starting  (kafka.log.LogCleaner)
[2018-06-22 18:51:19,951] INFO Shutting down the log cleaner. (kafka.log.LogCleaner)
[2018-06-22 18:51:19,951] INFO [kafka-log-cleaner-thread-0], Shutting down (kafka.log.LogCleaner)
[2018-06-22 18:51:19,951] INFO [kafka-log-cleaner-thread-0], Stopped  (kafka.log.LogCleaner)
[2018-06-22 18:51:19,951] INFO [kafka-log-cleaner-thread-0], Shutdown completed (kafka.log.LogCleaner)
[2018-06-22 18:51:20,337] INFO Starting the log cleaner (kafka.log.LogCleaner)
[2018-06-22 18:51:20,338] INFO [kafka-log-cleaner-thread-0], Starting  (kafka.log.LogCleaner)
[2018-06-22 18:51:20,702] INFO Shutting down the log cleaner. (kafka.log.LogCleaner)
[2018-06-22 18:51:20,702] INFO [kafka-log-cleaner-thread-0], Shutting down (kafka.log.LogCleaner)
[2018-06-22 18:51:20,703] INFO [kafka-log-cleaner-thread-0], Stopped  (kafka.log.LogCleaner)
[2018-06-22 18:51:20,703] INFO [kafka-log-cleaner-thread-0], Shutdown completed (kafka.log.LogCleaner)
[2018-06-22 18:51:50,345] ERROR [kafka-log-cleaner-thread-0], Error due to  (kafka.log.LogCleaner)
java.io.FileNotFoundException: /tmp/kafka-logs-3/cleaner-offset-checkpoint (No such file or directory)
	at java.io.FileInputStream.open0(Native Method)
	at java.io.FileInputStream.open(FileInputStream.java:195)
	at java.io.FileInputStream.<init>(FileInputStream.java:138)
	at java.io.FileReader.<init>(FileReader.java:72)
	at kafka.server.OffsetCheckpoint.read(OffsetCheckpoint.scala:86)
	at kafka.log.LogCleanerManager$$anonfun$allCleanerCheckpoints$1.apply(LogCleanerManager.scala:81)
	at kafka.log.LogCleanerManager$$anonfun$allCleanerCheckpoints$1.apply(LogCleanerManager.scala:81)
	at scala.collection.TraversableLike$$anonfun$flatMap$1.apply(TraversableLike.scala:241)
	at scala.collection.TraversableLike$$anonfun$flatMap$1.apply(TraversableLike.scala:241)
	at scala.collection.Iterator$class.foreach(Iterator.scala:893)
	at scala.collection.AbstractIterator.foreach(Iterator.scala:1336)
	at scala.collection.MapLike$DefaultValuesIterable.foreach(MapLike.scala:206)
	at scala.collection.TraversableLike$class.flatMap(TraversableLike.scala:241)
	at scala.collection.AbstractTraversable.flatMap(Traversable.scala:104)
	at kafka.log.LogCleanerManager.allCleanerCheckpoints(LogCleanerManager.scala:81)
	at kafka.log.LogCleanerManager$$anonfun$grabFilthiestCompactedLog$1.apply(LogCleanerManager.scala:92)
	at kafka.log.LogCleanerManager$$anonfun$grabFilthiestCompactedLog$1.apply(LogCleanerManager.scala:89)
	at kafka.utils.CoreUtils$.inLock(CoreUtils.scala:213)
	at kafka.log.LogCleanerManager.grabFilthiestCompactedLog(LogCleanerManager.scala:89)
	at kafka.log.LogCleaner$CleanerThread.cleanOrSleep(LogCleaner.scala:234)
	at kafka.log.LogCleaner$CleanerThread.doWork(LogCleaner.scala:220)
	at kafka.utils.ShutdownableThread.run(ShutdownableThread.scala:63)
[2018-06-22 18:51:50,345] INFO [kafka-log-cleaner-thread-0], Stopped  (kafka.log.LogCleaner)
[2018-06-22 18:51:50,388] INFO Shutting down the log cleaner. (kafka.log.LogCleaner)
[2018-06-22 18:51:50,389] INFO [kafka-log-cleaner-thread-0], Shutting down (kafka.log.LogCleaner)
[2018-06-22 18:51:50,389] INFO [kafka-log-cleaner-thread-0], Shutdown completed (kafka.log.LogCleaner)
[2018-06-22 18:51:50,718] INFO Starting the log cleaner (kafka.log.LogCleaner)
[2018-06-22 18:51:50,720] INFO [kafka-log-cleaner-thread-0], Starting  (kafka.log.LogCleaner)
[2018-06-22 18:51:51,618] INFO Starting the log cleaner (kafka.log.LogCleaner)
[2018-06-22 18:51:51,620] INFO [kafka-log-cleaner-thread-0], Starting  (kafka.log.LogCleaner)
[2018-06-22 18:51:52,803] INFO Starting the log cleaner (kafka.log.LogCleaner)
[2018-06-22 18:51:52,809] INFO [kafka-log-cleaner-thread-0], Starting  (kafka.log.LogCleaner)
[2018-06-22 18:52:22,817] ERROR [kafka-log-cleaner-thread-0], Error due to  (kafka.log.LogCleaner)
java.io.FileNotFoundException: /tmp/kafka-logs-3/cleaner-offset-checkpoint (No such file or directory)
	at java.io.FileInputStream.open0(Native Method)
	at java.io.FileInputStream.open(FileInputStream.java:195)
	at java.io.FileInputStream.<init>(FileInputStream.java:138)
	at java.io.FileReader.<init>(FileReader.java:72)
	at kafka.server.OffsetCheckpoint.read(OffsetCheckpoint.scala:86)
	at kafka.log.LogCleanerManager$$anonfun$allCleanerCheckpoints$1.apply(LogCleanerManager.scala:81)
	at kafka.log.LogCleanerManager$$anonfun$allCleanerCheckpoints$1.apply(LogCleanerManager.scala:81)
	at scala.collection.TraversableLike$$anonfun$flatMap$1.apply(TraversableLike.scala:241)
	at scala.collection.TraversableLike$$anonfun$flatMap$1.apply(TraversableLike.scala:241)
	at scala.collection.Iterator$class.foreach(Iterator.scala:893)
	at scala.collection.AbstractIterator.foreach(Iterator.scala:1336)
	at scala.collection.MapLike$DefaultValuesIterable.foreach(MapLike.scala:206)
	at scala.collection.TraversableLike$class.flatMap(TraversableLike.scala:241)
	at scala.collection.AbstractTraversable.flatMap(Traversable.scala:104)
	at kafka.log.LogCleanerManager.allCleanerCheckpoints(LogCleanerManager.scala:81)
	at kafka.log.LogCleanerManager$$anonfun$grabFilthiestCompactedLog$1.apply(LogCleanerManager.scala:92)
	at kafka.log.LogCleanerManager$$anonfun$grabFilthiestCompactedLog$1.apply(LogCleanerManager.scala:89)
	at kafka.utils.CoreUtils$.inLock(CoreUtils.scala:213)
	at kafka.log.LogCleanerManager.grabFilthiestCompactedLog(LogCleanerManager.scala:89)
	at kafka.log.LogCleaner$CleanerThread.cleanOrSleep(LogCleaner.scala:234)
	at kafka.log.LogCleaner$CleanerThread.doWork(LogCleaner.scala:220)
	at kafka.utils.ShutdownableThread.run(ShutdownableThread.scala:63)
[2018-06-22 18:52:22,818] INFO [kafka-log-cleaner-thread-0], Stopped  (kafka.log.LogCleaner)
[2018-06-22 18:52:26,314] INFO Starting the log cleaner (kafka.log.LogCleaner)
[2018-06-22 18:52:26,316] INFO [kafka-log-cleaner-thread-0], Starting  (kafka.log.LogCleaner)
[2018-06-22 18:52:26,595] INFO Shutting down the log cleaner. (kafka.log.LogCleaner)
[2018-06-22 18:52:26,596] INFO [kafka-log-cleaner-thread-0], Shutting down (kafka.log.LogCleaner)
[2018-06-22 18:52:26,596] INFO [kafka-log-cleaner-thread-0], Shutdown completed (kafka.log.LogCleaner)
[2018-06-22 18:52:27,139] INFO Starting the log cleaner (kafka.log.LogCleaner)
[2018-06-22 18:52:27,140] INFO [kafka-log-cleaner-thread-0], Starting  (kafka.log.LogCleaner)
[2018-06-22 18:52:27,693] INFO Shutting down the log cleaner. (kafka.log.LogCleaner)
[2018-06-22 18:52:27,693] INFO [kafka-log-cleaner-thread-0], Shutting down (kafka.log.LogCleaner)
[2018-06-22 18:52:27,693] INFO [kafka-log-cleaner-thread-0], Stopped  (kafka.log.LogCleaner)
[2018-06-22 18:52:27,693] INFO [kafka-log-cleaner-thread-0], Shutdown completed (kafka.log.LogCleaner)
[2018-06-22 18:52:28,050] INFO Starting the log cleaner (kafka.log.LogCleaner)
[2018-06-22 18:52:28,052] INFO [kafka-log-cleaner-thread-0], Starting  (kafka.log.LogCleaner)
[2018-06-22 18:52:28,262] INFO Shutting down the log cleaner. (kafka.log.LogCleaner)
[2018-06-22 18:52:28,263] INFO [kafka-log-cleaner-thread-0], Shutting down (kafka.log.LogCleaner)
[2018-06-22 18:52:28,263] INFO [kafka-log-cleaner-thread-0], Stopped  (kafka.log.LogCleaner)
[2018-06-22 18:52:28,263] INFO [kafka-log-cleaner-thread-0], Shutdown completed (kafka.log.LogCleaner)
[2018-06-22 18:52:43,060] ERROR [kafka-log-cleaner-thread-0], Error due to  (kafka.log.LogCleaner)
java.io.FileNotFoundException: /tmp/kafka-logs-3/cleaner-offset-checkpoint (No such file or directory)
	at java.io.FileInputStream.open0(Native Method)
	at java.io.FileInputStream.open(FileInputStream.java:195)
	at java.io.FileInputStream.<init>(FileInputStream.java:138)
	at java.io.FileReader.<init>(FileReader.java:72)
	at kafka.server.OffsetCheckpoint.read(OffsetCheckpoint.scala:86)
	at kafka.log.LogCleanerManager$$anonfun$allCleanerCheckpoints$1.apply(LogCleanerManager.scala:81)
	at kafka.log.LogCleanerManager$$anonfun$allCleanerCheckpoints$1.apply(LogCleanerManager.scala:81)
	at scala.collection.TraversableLike$$anonfun$flatMap$1.apply(TraversableLike.scala:241)
	at scala.collection.TraversableLike$$anonfun$flatMap$1.apply(TraversableLike.scala:241)
	at scala.collection.Iterator$class.foreach(Iterator.scala:893)
	at scala.collection.AbstractIterator.foreach(Iterator.scala:1336)
	at scala.collection.MapLike$DefaultValuesIterable.foreach(MapLike.scala:206)
	at scala.collection.TraversableLike$class.flatMap(TraversableLike.scala:241)
	at scala.collection.AbstractTraversable.flatMap(Traversable.scala:104)
	at kafka.log.LogCleanerManager.allCleanerCheckpoints(LogCleanerManager.scala:81)
	at kafka.log.LogCleanerManager$$anonfun$grabFilthiestCompactedLog$1.apply(LogCleanerManager.scala:92)
	at kafka.log.LogCleanerManager$$anonfun$grabFilthiestCompactedLog$1.apply(LogCleanerManager.scala:89)
	at kafka.utils.CoreUtils$.inLock(CoreUtils.scala:213)
	at kafka.log.LogCleanerManager.grabFilthiestCompactedLog(LogCleanerManager.scala:89)
	at kafka.log.LogCleaner$CleanerThread.cleanOrSleep(LogCleaner.scala:234)
	at kafka.log.LogCleaner$CleanerThread.doWork(LogCleaner.scala:220)
	at kafka.utils.ShutdownableThread.run(ShutdownableThread.scala:63)
[2018-06-22 18:52:43,065] INFO [kafka-log-cleaner-thread-0], Stopped  (kafka.log.LogCleaner)
[2018-06-22 18:52:52,896] INFO Starting the log cleaner (kafka.log.LogCleaner)
[2018-06-22 18:52:52,905] INFO [kafka-log-cleaner-thread-0], Starting  (kafka.log.LogCleaner)
[2018-06-22 18:52:53,839] INFO Starting the log cleaner (kafka.log.LogCleaner)
[2018-06-22 18:52:53,842] INFO [kafka-log-cleaner-thread-0], Starting  (kafka.log.LogCleaner)
[2018-06-22 18:52:54,722] INFO Shutting down the log cleaner. (kafka.log.LogCleaner)
[2018-06-22 18:52:54,722] INFO [kafka-log-cleaner-thread-0], Shutting down (kafka.log.LogCleaner)
[2018-06-22 18:52:54,722] INFO [kafka-log-cleaner-thread-0], Shutdown completed (kafka.log.LogCleaner)
[2018-06-22 18:52:55,011] INFO Starting the log cleaner (kafka.log.LogCleaner)
[2018-06-22 18:52:55,034] INFO [kafka-log-cleaner-thread-0], Starting  (kafka.log.LogCleaner)
[2018-06-22 18:54:42,862] INFO Starting the log cleaner (kafka.log.LogCleaner)
[2018-06-22 18:54:42,864] INFO [kafka-log-cleaner-thread-0], Starting  (kafka.log.LogCleaner)
[2018-06-22 18:54:45,370] INFO Shutting down the log cleaner. (kafka.log.LogCleaner)
[2018-06-22 18:54:45,371] INFO [kafka-log-cleaner-thread-0], Shutting down (kafka.log.LogCleaner)
[2018-06-22 18:54:45,371] INFO [kafka-log-cleaner-thread-0], Stopped  (kafka.log.LogCleaner)
[2018-06-22 18:54:45,371] INFO [kafka-log-cleaner-thread-0], Shutdown completed (kafka.log.LogCleaner)
[2018-06-22 18:54:55,049] ERROR [kafka-log-cleaner-thread-0], Error due to  (kafka.log.LogCleaner)
java.io.FileNotFoundException: /tmp/kafka-logs-3/cleaner-offset-checkpoint (No such file or directory)
	at java.io.FileInputStream.open0(Native Method)
	at java.io.FileInputStream.open(FileInputStream.java:195)
	at java.io.FileInputStream.<init>(FileInputStream.java:138)
	at java.io.FileReader.<init>(FileReader.java:72)
	at kafka.server.OffsetCheckpoint.read(OffsetCheckpoint.scala:86)
	at kafka.log.LogCleanerManager$$anonfun$allCleanerCheckpoints$1.apply(LogCleanerManager.scala:81)
	at kafka.log.LogCleanerManager$$anonfun$allCleanerCheckpoints$1.apply(LogCleanerManager.scala:81)
	at scala.collection.TraversableLike$$anonfun$flatMap$1.apply(TraversableLike.scala:241)
	at scala.collection.TraversableLike$$anonfun$flatMap$1.apply(TraversableLike.scala:241)
	at scala.collection.Iterator$class.foreach(Iterator.scala:893)
	at scala.collection.AbstractIterator.foreach(Iterator.scala:1336)
	at scala.collection.MapLike$DefaultValuesIterable.foreach(MapLike.scala:206)
	at scala.collection.TraversableLike$class.flatMap(TraversableLike.scala:241)
	at scala.collection.AbstractTraversable.flatMap(Traversable.scala:104)
	at kafka.log.LogCleanerManager.allCleanerCheckpoints(LogCleanerManager.scala:81)
	at kafka.log.LogCleanerManager$$anonfun$grabFilthiestCompactedLog$1.apply(LogCleanerManager.scala:92)
	at kafka.log.LogCleanerManager$$anonfun$grabFilthiestCompactedLog$1.apply(LogCleanerManager.scala:89)
	at kafka.utils.CoreUtils$.inLock(CoreUtils.scala:213)
	at kafka.log.LogCleanerManager.grabFilthiestCompactedLog(LogCleanerManager.scala:89)
	at kafka.log.LogCleaner$CleanerThread.cleanOrSleep(LogCleaner.scala:234)
	at kafka.log.LogCleaner$CleanerThread.doWork(LogCleaner.scala:220)
	at kafka.utils.ShutdownableThread.run(ShutdownableThread.scala:63)
[2018-06-22 18:54:55,051] INFO [kafka-log-cleaner-thread-0], Stopped  (kafka.log.LogCleaner)
[2018-06-22 18:55:00,679] INFO Shutting down the log cleaner. (kafka.log.LogCleaner)
[2018-06-22 18:55:00,679] INFO [kafka-log-cleaner-thread-0], Shutting down (kafka.log.LogCleaner)
[2018-06-22 18:55:00,679] INFO [kafka-log-cleaner-thread-0], Shutdown completed (kafka.log.LogCleaner)
[2018-06-22 18:55:01,045] INFO Starting the log cleaner (kafka.log.LogCleaner)
[2018-06-22 18:55:01,047] INFO [kafka-log-cleaner-thread-0], Starting  (kafka.log.LogCleaner)
[2018-06-22 18:55:01,965] INFO Starting the log cleaner (kafka.log.LogCleaner)
[2018-06-22 18:55:01,968] INFO [kafka-log-cleaner-thread-0], Starting  (kafka.log.LogCleaner)
[2018-06-22 18:55:03,252] INFO Starting the log cleaner (kafka.log.LogCleaner)
[2018-06-22 18:55:03,264] INFO [kafka-log-cleaner-thread-0], Starting  (kafka.log.LogCleaner)
