2018-06-14 14:35:09,932 [myid:] - INFO  [main:QuorumPeerConfig@101] - Reading configuration from: C:\Users\Nikhilesh-singh\Documents\dev\uReplicator\deploy\zookeeper\conf\zoo.cfg
2018-06-14 14:35:09,935 [myid:] - INFO  [main:DatadirCleanupManager@78] - autopurge.snapRetainCount set to 3
2018-06-14 14:35:09,935 [myid:] - INFO  [main:DatadirCleanupManager@79] - autopurge.purgeInterval set to 0
2018-06-14 14:35:09,935 [myid:] - INFO  [main:DatadirCleanupManager@101] - Purge task is not scheduled.
2018-06-14 14:35:09,936 [myid:] - WARN  [main:QuorumPeerMain@113] - Either no config or no quorum defined in config, running  in standalone mode
2018-06-14 14:35:09,945 [myid:] - INFO  [main:QuorumPeerConfig@101] - Reading configuration from: C:\Users\Nikhilesh-singh\Documents\dev\uReplicator\deploy\zookeeper\conf\zoo.cfg
2018-06-14 14:35:09,946 [myid:] - INFO  [main:ZooKeeperServerMain@95] - Starting server
2018-06-14 14:35:14,476 [myid:] - INFO  [main:Environment@98] - Server environment:zookeeper.version=3.4.3-1240972, built on 02/06/2012 10:48 GMT
2018-06-14 14:35:14,477 [myid:] - INFO  [main:Environment@98] - Server environment:host.name=BCP5ZM2.TELETRACKING.COM
2018-06-14 14:35:14,477 [myid:] - INFO  [main:Environment@98] - Server environment:java.version=1.8.0_171
2018-06-14 14:35:14,478 [myid:] - INFO  [main:Environment@98] - Server environment:java.vendor=Oracle Corporation
2018-06-14 14:35:14,478 [myid:] - INFO  [main:Environment@98] - Server environment:java.home=C:\ProgramFiles\Java\jdk1.8.0_171\jre
2018-06-14 14:35:14,479 [myid:] - INFO  [main:Environment@98] - Server environment:java.class.path=C:\Users\Nikhilesh-singh\Documents\dev\uReplicator\deploy\zookeeper\build\classes;C:\Users\Nikhilesh-singh\Documents\dev\uReplicator\deploy\zookeeper\build\lib\*.jar;C:\Users\Nikhilesh-singh\Documents\dev\uReplicator\deploy\zookeeper\lib\slf4j-log4j12-1.6.1.jar;C:\Users\Nikhilesh-singh\Documents\dev\uReplicator\deploy\zookeeper\lib\slf4j-api-1.6.1.jar;C:\Users\Nikhilesh-singh\Documents\dev\uReplicator\deploy\zookeeper\lib\netty-3.2.2.Final.jar;C:\Users\Nikhilesh-singh\Documents\dev\uReplicator\deploy\zookeeper\lib\log4j-1.2.15.jar;C:\Users\Nikhilesh-singh\Documents\dev\uReplicator\deploy\zookeeper\lib\jline-0.9.94.jar;C:\Users\Nikhilesh-singh\Documents\dev\uReplicator\deploy\zookeeper\zookeeper-3.4.3.jar;C:\Users\Nikhilesh-singh\Documents\dev\uReplicator\deploy\zookeeper\src\java\lib\*.jar;C:\Users\Nikhilesh-singh\Documents\dev\uReplicator\deploy\zookeeper\conf;.
2018-06-14 14:35:14,479 [myid:] - INFO  [main:Environment@98] - Server environment:java.library.path=C:\ProgramFiles\Java\jdk1.8.0_171\bin;C:\Windows\Sun\Java\bin;C:\Windows\system32;C:\Windows;C:\ProgramFiles\Java\jdk-10.0.1\bin;C:\cygwin64\usr\local\bin;C:\cygwin64\bin;C:\Program Files\Intel\iCLS Client;C:\Windows\system32;C:\Windows;C:\Windows\System32\Wbem;C:\Windows\System32\WindowsPowerShell\v1.0;C:\Program Files (x86)\Intel\Intel(R) Management Engine Components\DAL;C:\Program Files\Intel\Intel(R) Management Engine Components\DAL;C:\Program Files (x86)\Intel\Intel(R) Management Engine Components\IPT;C:\Program Files\Intel\Intel(R) Management Engine Components\IPT;C:\Program Files\PuTTY;C:\Program Files\Amazon\AWSCLI;C:\Python27\---;C:\Users\Nikhilesh-singh\Documents\yum-3.4.3\yum;C:\Python27\Scripts;C:\Users\Nikhilesh-singh\AppData\Local\Programs\Python\Python36;C:\Program Files\Git\cmd;C:\Program Files\yum;C:\ProgramFiles\Java\jdk-10.0.1;C:\Program Files\Microsoft SQL Server\Client SDK\ODBC\130\Tools\Binn;C:\Program Files (x86)\Microsoft SQL Server\140\Tools\Binn;C:\Program Files\Microsoft SQL Server\140\Tools\Binn;C:\Program Files\Microsoft SQL Server\140\DTS\Binn;C:\Program Files (x86)\Microsoft SQL Server\Client SDK\ODBC\130\Tools\Binn;C:\Program Files (x86)\Microsoft SQL Server\140\DTS\Binn;C:\Program Files (x86)\Microsoft SQL Server\140\Tools\Binn\ManagementStudio;C:\cygwin64\bin;C:\Users\Nikhilesh-singh\Documents\dev\uReplicator\deploy\kafka;C:\Program Files (x86)\Common Files\Oracle\Java\javapath;C:\Users\Nikhilesh-singh\AppData\Local\Microsoft\WindowsApps;C:\Program Files\Microsoft VS Code\bin;.
2018-06-14 14:35:14,480 [myid:] - INFO  [main:Environment@98] - Server environment:java.io.tmpdir=C:\cygwin64\tmp\
2018-06-14 14:35:14,481 [myid:] - INFO  [main:Environment@98] - Server environment:java.compiler=<NA>
2018-06-14 14:35:14,481 [myid:] - INFO  [main:Environment@98] - Server environment:os.name=Windows 10
2018-06-14 14:35:14,481 [myid:] - INFO  [main:Environment@98] - Server environment:os.arch=amd64
2018-06-14 14:35:14,482 [myid:] - INFO  [main:Environment@98] - Server environment:os.version=10.0
2018-06-14 14:35:14,482 [myid:] - INFO  [main:Environment@98] - Server environment:user.name=Nikhilesh-singh
2018-06-14 14:35:14,483 [myid:] - INFO  [main:Environment@98] - Server environment:user.home=C:\Users\Nikhilesh-singh
2018-06-14 14:35:14,483 [myid:] - INFO  [main:Environment@98] - Server environment:user.dir=C:\Users\Nikhilesh-singh\Documents\dev\uReplicator
2018-06-14 14:35:14,507 [myid:] - INFO  [main:ZooKeeperServer@733] - tickTime set to 2000
2018-06-14 14:35:14,507 [myid:] - INFO  [main:ZooKeeperServer@742] - minSessionTimeout set to -1
2018-06-14 14:35:14,507 [myid:] - INFO  [main:ZooKeeperServer@751] - maxSessionTimeout set to -1
2018-06-14 14:35:14,521 [myid:] - INFO  [main:NIOServerCnxnFactory@110] - binding to port 0.0.0.0/0.0.0.0:2181
2018-06-14 14:35:14,521 [myid:] - ERROR [main:ZooKeeperServerMain@63] - Unexpected exception, exiting abnormally
java.net.BindException: Address already in use: bind
	at sun.nio.ch.Net.bind0(Native Method)
	at sun.nio.ch.Net.bind(Net.java:433)
	at sun.nio.ch.Net.bind(Net.java:425)
	at sun.nio.ch.ServerSocketChannelImpl.bind(ServerSocketChannelImpl.java:223)
	at sun.nio.ch.ServerSocketAdaptor.bind(ServerSocketAdaptor.java:74)
	at sun.nio.ch.ServerSocketAdaptor.bind(ServerSocketAdaptor.java:67)
	at org.apache.zookeeper.server.NIOServerCnxnFactory.configure(NIOServerCnxnFactory.java:111)
	at org.apache.zookeeper.server.ZooKeeperServerMain.runFromConfig(ZooKeeperServerMain.java:110)
	at org.apache.zookeeper.server.ZooKeeperServerMain.initializeAndRun(ZooKeeperServerMain.java:86)
	at org.apache.zookeeper.server.ZooKeeperServerMain.main(ZooKeeperServerMain.java:52)
	at org.apache.zookeeper.server.quorum.QuorumPeerMain.initializeAndRun(QuorumPeerMain.java:116)
	at org.apache.zookeeper.server.quorum.QuorumPeerMain.main(QuorumPeerMain.java:78)
